This file contains any messages produced by compilers while
running configure, to aid debugging if configure makes a mistake.

It was created by RtMidi configure 1.0, which was
generated by GNU Autoconf 2.61.  Invocation command line was

  $ ./configure 

## --------- ##
## Platform. ##
## --------- ##

hostname = cumm111-0b02-acm-dhcp58
uname -m = i686
uname -r = 2.6.35-25-generic
uname -s = Linux
uname -v = #44-Ubuntu SMP Fri Jan 21 17:40:48 UTC 2011

/usr/bin/uname -p = unknown
/bin/uname -X     = unknown

/bin/arch              = unknown
/usr/bin/arch -k       = unknown
/usr/convex/getsysinfo = unknown
/usr/bin/hostinfo      = unknown
/bin/machine           = unknown
/usr/bin/oslevel       = unknown
/bin/universe          = unknown

PATH: /usr/local/sbin
PATH: /usr/local/bin
PATH: /usr/sbin
PATH: /usr/bin
PATH: /sbin
PATH: /bin
PATH: /usr/games


## ----------- ##
## Core tests. ##
## ----------- ##

configure:1813: checking for g++
configure:1829: found /usr/bin/g++
configure:1840: result: g++
configure:1871: checking for C++ compiler version
configure:1878: g++ --version >&5
g++ (Ubuntu/Linaro 4.4.4-14ubuntu5) 4.4.5
Copyright (C) 2010 Free Software Foundation, Inc.
This is free software; see the source for copying conditions.  There is NO
warranty; not even for MERCHANTABILITY or FITNESS FOR A PARTICULAR PURPOSE.

configure:1881: $? = 0
configure:1888: g++ -v >&5
Using built-in specs.
Target: i686-linux-gnu
Configured with: ../src/configure -v --with-pkgversion='Ubuntu/Linaro 4.4.4-14ubuntu5' --with-bugurl=file:///usr/share/doc/gcc-4.4/README.Bugs --enable-languages=c,c++,fortran,objc,obj-c++ --prefix=/usr --program-suffix=-4.4 --enable-shared --enable-multiarch --enable-linker-build-id --with-system-zlib --libexecdir=/usr/lib --without-included-gettext --enable-threads=posix --with-gxx-include-dir=/usr/include/c++/4.4 --libdir=/usr/lib --enable-nls --with-sysroot=/ --enable-clocale=gnu --enable-libstdcxx-debug --enable-objc-gc --enable-targets=all --disable-werror --with-arch-32=i686 --with-tune=generic --enable-checking=release --build=i686-linux-gnu --host=i686-linux-gnu --target=i686-linux-gnu
Thread model: posix
gcc version 4.4.5 (Ubuntu/Linaro 4.4.4-14ubuntu5) 
configure:1891: $? = 0
configure:1898: g++ -V >&5
g++: '-V' option must have argument
configure:1901: $? = 1
configure:1924: checking for C++ compiler default output file name
configure:1951: g++    conftest.cpp  >&5
configure:1954: $? = 0
configure:1992: result: a.out
configure:2009: checking whether the C++ compiler works
configure:2019: ./a.out
configure:2022: $? = 0
configure:2039: result: yes
configure:2046: checking whether we are cross compiling
configure:2048: result: no
configure:2051: checking for suffix of executables
configure:2058: g++ -o conftest    conftest.cpp  >&5
configure:2061: $? = 0
configure:2085: result: 
configure:2091: checking for suffix of object files
configure:2117: g++ -c   conftest.cpp >&5
configure:2120: $? = 0
configure:2143: result: o
configure:2147: checking whether we are using the GNU C++ compiler
configure:2176: g++ -c   conftest.cpp >&5
configure:2182: $? = 0
configure:2199: result: yes
configure:2204: checking whether g++ accepts -g
configure:2234: g++ -c -g  conftest.cpp >&5
configure:2240: $? = 0
configure:2339: result: yes
configure:2412: checking for gcc
configure:2428: found /usr/bin/gcc
configure:2439: result: gcc
configure:2677: checking for C compiler version
configure:2684: gcc --version >&5
gcc (Ubuntu/Linaro 4.4.4-14ubuntu5) 4.4.5
Copyright (C) 2010 Free Software Foundation, Inc.
This is free software; see the source for copying conditions.  There is NO
warranty; not even for MERCHANTABILITY or FITNESS FOR A PARTICULAR PURPOSE.

configure:2687: $? = 0
configure:2694: gcc -v >&5
Using built-in specs.
Target: i686-linux-gnu
Configured with: ../src/configure -v --with-pkgversion='Ubuntu/Linaro 4.4.4-14ubuntu5' --with-bugurl=file:///usr/share/doc/gcc-4.4/README.Bugs --enable-languages=c,c++,fortran,objc,obj-c++ --prefix=/usr --program-suffix=-4.4 --enable-shared --enable-multiarch --enable-linker-build-id --with-system-zlib --libexecdir=/usr/lib --without-included-gettext --enable-threads=posix --with-gxx-include-dir=/usr/include/c++/4.4 --libdir=/usr/lib --enable-nls --with-sysroot=/ --enable-clocale=gnu --enable-libstdcxx-debug --enable-objc-gc --enable-targets=all --disable-werror --with-arch-32=i686 --with-tune=generic --enable-checking=release --build=i686-linux-gnu --host=i686-linux-gnu --target=i686-linux-gnu
Thread model: posix
gcc version 4.4.5 (Ubuntu/Linaro 4.4.4-14ubuntu5) 
configure:2697: $? = 0
configure:2704: gcc -V >&5
gcc: '-V' option must have argument
configure:2707: $? = 1
configure:2710: checking whether we are using the GNU C compiler
configure:2739: gcc -c   conftest.c >&5
configure:2745: $? = 0
configure:2762: result: yes
configure:2767: checking whether gcc accepts -g
configure:2797: gcc -c -g  conftest.c >&5
configure:2803: $? = 0
configure:2902: result: yes
configure:2919: checking for gcc option to accept ISO C89
configure:2993: gcc  -c -g -O2  conftest.c >&5
configure:2999: $? = 0
configure:3022: result: none needed
configure:3046: checking how to run the C preprocessor
configure:3086: gcc -E  conftest.c
configure:3092: $? = 0
configure:3123: gcc -E  conftest.c
conftest.c:8: fatal error: ac_nonexistent.h: No such file or directory
compilation terminated.
configure:3129: $? = 1
configure: failed program was:
| /* confdefs.h.  */
| #define PACKAGE_NAME "RtMidi"
| #define PACKAGE_TARNAME "rtmidi"
| #define PACKAGE_VERSION "1.0"
| #define PACKAGE_STRING "RtMidi 1.0"
| #define PACKAGE_BUGREPORT "gary@music.mcgill.ca"
| /* end confdefs.h.  */
| #include <ac_nonexistent.h>
configure:3162: result: gcc -E
configure:3191: gcc -E  conftest.c
configure:3197: $? = 0
configure:3228: gcc -E  conftest.c
conftest.c:8: fatal error: ac_nonexistent.h: No such file or directory
compilation terminated.
configure:3234: $? = 1
configure: failed program was:
| /* confdefs.h.  */
| #define PACKAGE_NAME "RtMidi"
| #define PACKAGE_TARNAME "rtmidi"
| #define PACKAGE_VERSION "1.0"
| #define PACKAGE_STRING "RtMidi 1.0"
| #define PACKAGE_BUGREPORT "gary@music.mcgill.ca"
| /* end confdefs.h.  */
| #include <ac_nonexistent.h>
configure:3272: checking for grep that handles long lines and -e
configure:3346: result: /bin/grep
configure:3351: checking for egrep
configure:3429: result: /bin/grep -E
configure:3434: checking for ANSI C header files
configure:3464: gcc -c -g -O2  conftest.c >&5
configure:3470: $? = 0
configure:3569: gcc -o conftest -g -O2   conftest.c  >&5
configure:3572: $? = 0
configure:3578: ./conftest
configure:3581: $? = 0
configure:3598: result: yes
configure:3611: checking whether to compile debug version
configure:3624: result: no
configure:3651: checking build system type
configure:3669: result: i686-pc-linux-gnu
configure:3691: checking host system type
configure:3706: result: i686-pc-linux-gnu
configure:3728: checking for MIDI API
configure:3735: checking for snd_seq_open in -lasound
configure:3770: gcc -o conftest -g -O2    conftest.c -lasound   >&5
configure:3776: $? = 0
configure:3794: result: yes
configure:3811: checking for pthread_create in -lpthread
configure:3846: gcc -o conftest -g -O2    conftest.c -lpthread  -lasound  >&5
configure:3852: $? = 0
configure:3870: result: yes
configure:4410: creating ./config.status

## ---------------------- ##
## Running config.status. ##
## ---------------------- ##

This file was extended by RtMidi config.status 1.0, which was
generated by GNU Autoconf 2.61.  Invocation command line was

  CONFIG_FILES    = 
  CONFIG_HEADERS  = 
  CONFIG_LINKS    = 
  CONFIG_COMMANDS = 
  $ ./config.status 

on cumm111-0b02-acm-dhcp58

config.status:590: creating tests/Makefile

## ---------------- ##
## Cache variables. ##
## ---------------- ##

ac_cv_build=i686-pc-linux-gnu
ac_cv_c_compiler_gnu=yes
ac_cv_cxx_compiler_gnu=yes
ac_cv_env_CCC_set=
ac_cv_env_CCC_value=
ac_cv_env_CC_set=
ac_cv_env_CC_value=
ac_cv_env_CFLAGS_set=
ac_cv_env_CFLAGS_value=
ac_cv_env_CPPFLAGS_set=
ac_cv_env_CPPFLAGS_value=
ac_cv_env_CPP_set=
ac_cv_env_CPP_value=
ac_cv_env_CXXFLAGS_set=
ac_cv_env_CXXFLAGS_value=
ac_cv_env_CXX_set=
ac_cv_env_CXX_value=
ac_cv_env_LDFLAGS_set=
ac_cv_env_LDFLAGS_value=
ac_cv_env_LIBS_set=
ac_cv_env_LIBS_value=
ac_cv_env_build_alias_set=
ac_cv_env_build_alias_value=
ac_cv_env_host_alias_set=
ac_cv_env_host_alias_value=
ac_cv_env_target_alias_set=
ac_cv_env_target_alias_value=
ac_cv_header_stdc=yes
ac_cv_host=i686-pc-linux-gnu
ac_cv_lib_asound_snd_seq_open=yes
ac_cv_lib_pthread_pthread_create=yes
ac_cv_objext=o
ac_cv_path_EGREP='/bin/grep -E'
ac_cv_path_GREP=/bin/grep
ac_cv_prog_CPP='gcc -E'
ac_cv_prog_ac_ct_CC=gcc
ac_cv_prog_ac_ct_CXX=g++
ac_cv_prog_cc_c89=
ac_cv_prog_cc_g=yes
ac_cv_prog_cxx_g=yes

## ----------------- ##
## Output variables. ##
## ----------------- ##

CC='gcc'
CFLAGS='-g -O2'
CPP='gcc -E'
CPPFLAGS='  -D__LINUX_ALSASEQ__'
CXX='g++'
CXXFLAGS='-O3 -Wall'
DEFS='-DPACKAGE_NAME=\"RtMidi\" -DPACKAGE_TARNAME=\"rtmidi\" -DPACKAGE_VERSION=\"1.0\" -DPACKAGE_STRING=\"RtMidi\ 1.0\" -DPACKAGE_BUGREPORT=\"gary@music.mcgill.ca\" -DSTDC_HEADERS=1 -DHAVE_LIBASOUND=1 -DHAVE_LIBPTHREAD=1'
ECHO_C=''
ECHO_N='-n'
ECHO_T=''
EGREP='/bin/grep -E'
EXEEXT=''
GREP='/bin/grep'
GXX='yes'
LDFLAGS=''
LIBOBJS=''
LIBS='-lpthread -lasound '
LTLIBOBJS=''
OBJEXT='o'
PACKAGE_BUGREPORT='gary@music.mcgill.ca'
PACKAGE_NAME='RtMidi'
PACKAGE_STRING='RtMidi 1.0'
PACKAGE_TARNAME='rtmidi'
PACKAGE_VERSION='1.0'
PATH_SEPARATOR=':'
SHELL='/bin/bash'
ac_ct_CC='gcc'
ac_ct_CXX='g++'
api='-D__LINUX_ALSASEQ__'
bindir='${exec_prefix}/bin'
build='i686-pc-linux-gnu'
build_alias=''
build_cpu='i686'
build_os='linux-gnu'
build_vendor='pc'
cppflag=''
cxxflag='-Wall'
datadir='${datarootdir}'
datarootdir='${prefix}/share'
docdir='${datarootdir}/doc/${PACKAGE_TARNAME}'
dvidir='${docdir}'
exec_prefix='${prefix}'
host='i686-pc-linux-gnu'
host_alias=''
host_cpu='i686'
host_os='linux-gnu'
host_vendor='pc'
htmldir='${docdir}'
includedir='${prefix}/include'
infodir='${datarootdir}/info'
libdir='${exec_prefix}/lib'
libexecdir='${exec_prefix}/libexec'
localedir='${datarootdir}/locale'
localstatedir='${prefix}/var'
mandir='${datarootdir}/man'
object_path='Release'
oldincludedir='/usr/include'
pdfdir='${docdir}'
prefix='/usr/local'
program_transform_name='s,x,x,'
psdir='${docdir}'
sbindir='${exec_prefix}/sbin'
sharedstatedir='${prefix}/com'
sysconfdir='${prefix}/etc'
target_alias=''

## ----------- ##
## confdefs.h. ##
## ----------- ##

#define PACKAGE_NAME "RtMidi"
#define PACKAGE_TARNAME "rtmidi"
#define PACKAGE_VERSION "1.0"
#define PACKAGE_STRING "RtMidi 1.0"
#define PACKAGE_BUGREPORT "gary@music.mcgill.ca"
#define STDC_HEADERS 1
#define HAVE_LIBASOUND 1
#define HAVE_LIBPTHREAD 1

configure: exit 0
